<?xml version="1.0" encoding="UTF-8"?>
<!-- Generated by org.testng.reporters.JUnitReportReporter -->
<testsuite skipped="0" hostname="LAPTOP-KL1TDKRE" name="Basics.LunchWebsite" tests="2" failures="0" timestamp="29 Apr 2018 05:20:43 GMT" time="15.972" errors="0">
  <testcase name="launch_google_chrome" time="12.150" classname="Basics.LunchWebsite"/>
  <testcase name="launch_google_IE" time="3.822" classname="Basics.LunchWebsite"/>
</testsuite> <!-- Basics.LunchWebsite -->
