<?xml version="1.0" encoding="UTF-8"?>
<!-- Generated by org.testng.reporters.JUnitReportReporter -->
<testsuite skipped="0" hostname="LAPTOP-KL1TDKRE" name="alerts.alertsexample" tests="1" failures="0" timestamp="14 May 2018 16:08:20 GMT" time="18.603" errors="0">
  <testcase name="example1" time="18.603" classname="alerts.alertsexample"/>
</testsuite> <!-- alerts.alertsexample -->
