<?xml version="1.0" encoding="UTF-8"?>
<!-- Generated by org.testng.reporters.JUnitReportReporter -->
<testsuite skipped="0" hostname="LAPTOP-KL1TDKRE" name="website_Control.website_control" tests="1" failures="0" timestamp="05 May 2018 04:26:19 GMT" time="32.705" errors="0">
  <testcase name="launch_google_chrome" time="32.705" classname="website_Control.website_control"/>
</testsuite> <!-- website_Control.website_control -->
