<?xml version="1.0" encoding="UTF-8"?>
<!-- Generated by org.testng.reporters.JUnitReportReporter -->
<testsuite skipped="0" hostname="LAPTOP-KL1TDKRE" name="Waits.fluentwt" tests="1" failures="0" timestamp="13 May 2018 03:04:00 GMT" time="29.250" errors="0">
  <testcase name="example1" time="29.250" classname="Waits.fluentwt"/>
</testsuite> <!-- Waits.fluentwt -->
