<?xml version="1.0" encoding="UTF-8"?>
<!-- Generated by org.testng.reporters.JUnitReportReporter -->
<testsuite skipped="0" hostname="LAPTOP-KL1TDKRE" name="Findelemets.getalllinks2" tests="1" failures="0" timestamp="12 May 2018 03:16:24 GMT" time="23.520" errors="0">
  <testcase name="launch_google_chrome" time="23.520" classname="Findelemets.getalllinks2"/>
</testsuite> <!-- Findelemets.getalllinks2 -->
