<?xml version="1.0" encoding="UTF-8"?>
<!-- Generated by org.testng.reporters.JUnitReportReporter -->
<testsuite skipped="0" hostname="LAPTOP-KL1TDKRE" name="Tables.tableexample" tests="1" failures="0" timestamp="12 May 2018 04:59:27 GMT" time="11.931" errors="0">
  <testcase name="launch_google_chrome" time="11.931" classname="Tables.tableexample"/>
</testsuite> <!-- Tables.tableexample -->
