<?xml version="1.0" encoding="UTF-8"?>
<!-- Generated by org.testng.reporters.JUnitReportReporter -->
<testsuite skipped="0" hostname="LAPTOP-KL1TDKRE" name="website_Control.Testclick" tests="1" failures="0" timestamp="06 May 2018 16:22:12 GMT" time="41.683" errors="0">
  <testcase name="launch_google_chrome" time="41.683" classname="website_Control.Testclick"/>
</testsuite> <!-- website_Control.Testclick -->
