<?xml version="1.0" encoding="UTF-8"?>
<!-- Generated by org.testng.reporters.JUnitReportReporter -->
<testsuite skipped="0" hostname="LAPTOP-KL1TDKRE" name="website_Control.dropdown" tests="1" failures="0" timestamp="06 May 2018 05:23:06 GMT" time="93.959" errors="0">
  <testcase name="launch_google_chrome" time="93.959" classname="website_Control.dropdown"/>
</testsuite> <!-- website_Control.dropdown -->
