<?xml version="1.0" encoding="UTF-8"?>
<!-- Generated by org.testng.reporters.JUnitReportReporter -->
<testsuite skipped="0" hostname="LAPTOP-KL1TDKRE" name="Basics.LunchWebsite2" tests="1" failures="0" timestamp="05 May 2018 03:33:40 GMT" time="13.621" errors="0">
  <testcase name="launch_google_chrome" time="13.621" classname="Basics.LunchWebsite2"/>
</testsuite> <!-- Basics.LunchWebsite2 -->
