<?xml version="1.0" encoding="UTF-8"?>
<!-- Generated by org.testng.reporters.JUnitReportReporter -->
<testsuite skipped="0" hostname="LAPTOP-KL1TDKRE" name="frame.frameexample" tests="1" failures="0" timestamp="13 May 2018 04:24:51 GMT" time="6.288" errors="0">
  <testcase name="example1" time="6.288" classname="frame.frameexample"/>
</testsuite> <!-- frame.frameexample -->
