<?xml version="1.0" encoding="UTF-8"?>
<!-- Generated by org.testng.reporters.JUnitReportReporter -->
<testsuite skipped="0" hostname="LAPTOP-KL1TDKRE" name="window.focuswindow2" tests="1" failures="0" timestamp="13 May 2018 03:44:27 GMT" time="12.981" errors="0">
  <testcase name="example1" time="12.981" classname="window.focuswindow2"/>
</testsuite> <!-- window.focuswindow2 -->
