<?xml version="1.0" encoding="UTF-8"?>
<!-- Generated by org.testng.reporters.JUnitReportReporter -->
<testsuite skipped="0" hostname="LAPTOP-KL1TDKRE" name="Findelemets.getalllinks3" tests="1" failures="0" timestamp="12 May 2018 04:07:13 GMT" time="138.284" errors="0">
  <testcase name="launch_google_chrome" time="138.284" classname="Findelemets.getalllinks3"/>
</testsuite> <!-- Findelemets.getalllinks3 -->
