<?xml version="1.0" encoding="UTF-8"?>
<!-- Generated by org.testng.reporters.JUnitReportReporter -->
<testsuite skipped="0" hostname="LAPTOP-KL1TDKRE" name="mouse_moment.movemouseelement" tests="1" failures="0" timestamp="14 May 2018 17:24:42 GMT" time="79.330" errors="0">
  <testcase name="example1" time="79.330" classname="mouse_moment.movemouseelement"/>
</testsuite> <!-- mouse_moment.movemouseelement -->
