<?xml version="1.0" encoding="UTF-8"?>
<!-- Generated by org.testng.reporters.JUnitReportReporter -->
<testsuite skipped="0" hostname="LAPTOP-KL1TDKRE" name="Basics.LunchWebsite_multithread" tests="2" failures="0" timestamp="29 Apr 2018 12:43:46 GMT" time="14.796" errors="0">
  <testcase name="launch_google_IE" time="4.451" classname="Basics.LunchWebsite_multithread"/>
  <testcase name="launch_google_chrome" time="10.345" classname="Basics.LunchWebsite_multithread"/>
</testsuite> <!-- Basics.LunchWebsite_multithread -->
