<?xml version="1.0" encoding="UTF-8"?>
<!-- Generated by org.testng.reporters.JUnitReportReporter -->
<testsuite skipped="0" hostname="LAPTOP-KL1TDKRE" name="window.focuswindow" tests="1" failures="0" timestamp="13 May 2018 03:35:15 GMT" time="10.986" errors="0">
  <testcase name="example1" time="10.986" classname="window.focuswindow"/>
</testsuite> <!-- window.focuswindow -->
