<?xml version="1.0" encoding="UTF-8"?>
<!-- Generated by org.testng.reporters.JUnitReportReporter -->
<testsuite skipped="0" hostname="LAPTOP-KL1TDKRE" name="Practise.Xpath" tests="1" failures="0" timestamp="14 May 2018 18:17:11 GMT" time="39.474" errors="0">
  <testcase name="findxpath" time="39.474" classname="Practise.Xpath"/>
</testsuite> <!-- Practise.Xpath -->
