<?xml version="1.0" encoding="UTF-8"?>
<!-- Generated by org.testng.reporters.JUnitReportReporter -->
<testsuite skipped="0" hostname="LAPTOP-KL1TDKRE" name="chromeoptions.example1" tests="1" failures="0" timestamp="12 May 2018 02:52:17 GMT" time="17.583" errors="0">
  <testcase name="launch_google_chrome" time="17.583" classname="chromeoptions.example1"/>
</testsuite> <!-- chromeoptions.example1 -->
