<?xml version="1.0" encoding="UTF-8"?>
<!-- Generated by org.testng.reporters.JUnitReportReporter -->
<testsuite skipped="0" hostname="LAPTOP-KL1TDKRE" name="Findelemets.getalllinks" tests="1" failures="0" timestamp="12 May 2018 03:09:30 GMT" time="7.396" errors="0">
  <testcase name="launch_google_chrome" time="7.396" classname="Findelemets.getalllinks"/>
</testsuite> <!-- Findelemets.getalllinks -->
